2024-10-12 15:02:42 [[32minfo[39m]: Listening on 8080
2024-10-12 15:02:50 [[32minfo[39m]: Listening on 8080
2024-10-12 15:03:13 [[32minfo[39m]: Listening on 8080
2024-10-12 15:08:10 [[32minfo[39m]: Listening on 8080
2024-10-12 15:10:06 [[32minfo[39m]: Listening on 8080
2024-10-12 15:10:39 [[32minfo[39m]: Listening on 8080
2024-10-12 15:11:02 [[32minfo[39m]: Listening on 8080
2024-10-12 15:11:12 [[32minfo[39m]: Listening on 8080
2024-10-12 15:11:47 [[32minfo[39m]: Listening on 8080
2024-10-12 15:11:57 [[32minfo[39m]: Listening on 8080
2024-10-12 15:15:08 [[32minfo[39m]: Listening on 8080
2024-10-12 15:22:22 [[32minfo[39m]: Listening on 8080
2024-10-12 15:22:36 [[32minfo[39m]: Listening on 8080
2024-10-12 15:23:44 [[32minfo[39m]: Listening on 8080
2024-10-12 15:24:07 [[32minfo[39m]: Listening on 8080
2024-10-12 15:25:34 [[32minfo[39m]: Listening on 8080
2024-10-12 15:26:09 [[32minfo[39m]: Listening on 8080
2024-10-12 15:26:25 [[32minfo[39m]: Listening on 8080
2024-10-12 15:28:42 [[32minfo[39m]: Listening on 8080
2024-10-12 15:29:33 [[32minfo[39m]: Listening on 8080
2024-10-12 15:29:43 [[32minfo[39m]: Listening on 8080
2024-10-12 15:30:06 [[32minfo[39m]: Listening on 8080
2024-10-12 15:30:28 [[32minfo[39m]: Listening on 8080
2024-10-12 15:33:54 [[32minfo[39m]: Listening on 8080
2024-10-12 15:34:07 [[32minfo[39m]: Listening on 8080
2024-10-12 15:36:20 [[32minfo[39m]: Listening on 8080
2024-10-12 15:38:15 [[32minfo[39m]: Listening on 8080
2024-10-12 15:38:16 [[32minfo[39m]: Listening on 8080
2024-10-12 15:38:40 [[32minfo[39m]: Listening on 8080
2024-10-12 15:38:46 [[32minfo[39m]: Listening on 8080
2024-10-12 15:39:05 [[32minfo[39m]: Listening on 8080
2024-10-12 15:43:38 [[32minfo[39m]: Listening on 8080
2024-10-12 15:47:54 [[32minfo[39m]: Listening on 8080
2024-10-12 15:49:30 [[32minfo[39m]: Listening on 8080
2024-10-12 15:51:51 [[32minfo[39m]: Listening on 8080
2024-10-12 15:53:43 [[31merror[39m]: [GET] api/mocks/mockingpets | specie is not defined
2024-10-12 15:54:50 [[31merror[39m]: [GET] api/mocks/mockingusers | Users validation failed: password: Path `password` is required., email: Path `email` is required., last_name: Path `last_name` is required., first_name: Path `first_name` is required.
2024-10-12 15:55:25 [[31merror[39m]: [GET] api/mocks/mockingpets | specie is not defined
2024-10-12 15:55:51 [[32minfo[39m]: Listening on 8080
2024-10-12 15:55:53 [[31merror[39m]: [GET] api/mocks/mockingpets | specie is not defined
2024-10-12 15:56:51 [[32minfo[39m]: Listening on 8080
2024-10-12 15:56:52 [[31merror[39m]: [GET] api/mocks/mockingpets | specie is not defined
2024-10-12 15:58:14 [[32minfo[39m]: Listening on 8080
2024-10-12 15:58:48 [[32minfo[39m]: Listening on 8080
2024-10-12 15:59:03 [[32minfo[39m]: Listening on 8080
2024-10-12 15:59:45 [[32minfo[39m]: Listening on 8080
2024-10-12 15:59:46 [[31merror[39m]: [GET] api/mocks/mockingpets | specie is not defined
2024-10-12 16:00:43 [[32minfo[39m]: Listening on 8080
2024-10-12 16:00:45 [[31merror[39m]: [GET] api/mocks/mockingpets | specie is not defined
2024-10-12 16:01:08 [[32minfo[39m]: Listening on 8080
2024-10-12 16:01:22 [[32minfo[39m]: Listening on 8080
2024-10-12 16:01:22 [[31merror[39m]: [GET] api/mocks/mockingpets | specie is not defined
2024-10-12 16:01:25 [[31merror[39m]: [GET] api/mocks/mockingpets | specie is not defined
2024-10-12 16:01:35 [[32minfo[39m]: Listening on 8080
2024-10-12 16:01:59 [[32minfo[39m]: Listening on 8080
2024-10-12 16:02:00 [[31merror[39m]: [GET] api/mocks/mockingpets | specie is not defined
2024-10-12 16:02:02 [[31merror[39m]: [GET] api/mocks/mockingpets | specie is not defined
2024-10-12 16:02:31 [[32minfo[39m]: Listening on 8080
2024-10-12 16:02:42 [[32minfo[39m]: Listening on 8080
2024-10-12 16:02:44 [[31merror[39m]: [GET] api/mocks/mockingpets | specie is not defined
2024-10-12 16:03:02 [[32minfo[39m]: Listening on 8080
2024-10-12 16:03:03 [[31merror[39m]: [GET] api/mocks/mockingpets | specie is not defined
2024-10-12 16:03:05 [[31merror[39m]: [GET] api/mocks/mockingpets | specie is not defined
2024-10-12 16:03:16 [[32minfo[39m]: Listening on 8080
2024-10-12 16:03:34 [[32minfo[39m]: Listening on 8080
2024-10-12 16:03:36 [[31merror[39m]: [GET] api/mocks/mockingpets | specie is not defined
2024-10-12 16:03:38 [[31merror[39m]: [GET] api/mocks/mockingpets | specie is not defined
2024-10-12 16:03:51 [[32minfo[39m]: Listening on 8080
2024-10-12 16:03:51 [[31merror[39m]: [GET] api/mocks/mockingpets | specie is not defined
2024-10-12 16:03:52 [[31merror[39m]: [GET] api/mocks/mockingpets | specie is not defined
2024-10-12 16:03:53 [[31merror[39m]: [GET] api/mocks/mockingpets | specie is not defined
2024-10-12 16:04:23 [[32minfo[39m]: Listening on 8080
2024-10-12 16:08:34 [[32minfo[39m]: Listening on 8080
2024-10-12 16:09:27 [[32minfo[39m]: Listening on 8080
2024-10-12 16:11:03 [[32minfo[39m]: Listening on 8080
2024-10-12 16:11:10 [[31merror[39m]: [GET] api/mocks/mockingusers | Users validation failed: password: Path `password` is required., email: Path `email` is required., last_name: Path `last_name` is required., first_name: Path `first_name` is required.
2024-10-12 16:18:43 [[32minfo[39m]: Listening on 8080
2024-10-12 16:19:13 [[32minfo[39m]: Listening on 8080
2024-10-12 16:19:24 [[32minfo[39m]: Listening on 8080
2024-10-12 16:20:45 [[32minfo[39m]: Listening on 8080
2024-10-13 10:38:17 [[32minfo[39m]: Listening on 8080
2024-10-13 10:38:18 [[32minfo[39m]: Listening on 8080
2024-10-13 10:49:42 [info]: Listening on 8080
2024-10-13 10:51:17 [error]: [GET] api/mocks/mockingusers | Users validation failed: password: Path `password` is required., email: Path `email` is required., last_name: Path `last_name` is required., first_name: Path `first_name` is required.
2024-10-13 11:10:13 [info]: Listening on 8080
