
2024-10-12 15:53:43 [[31merror[39m]: [GET] api/mocks/mockingpets | specie is not defined
2024-10-12 15:54:50 [[31merror[39m]: [GET] api/mocks/mockingusers | Users validation failed: password: Path `password` is required., email: Path `email` is required., last_name: Path `last_name` is required., first_name: Path `first_name` is required.
2024-10-12 15:55:25 [[31merror[39m]: [GET] api/mocks/mockingpets | specie is not defined
2024-10-12 15:55:53 [[31merror[39m]: [GET] api/mocks/mockingpets | specie is not defined
2024-10-12 15:56:52 [[31merror[39m]: [GET] api/mocks/mockingpets | specie is not defined
2024-10-12 15:59:46 [[31merror[39m]: [GET] api/mocks/mockingpets | specie is not defined
2024-10-12 16:00:45 [[31merror[39m]: [GET] api/mocks/mockingpets | specie is not defined
2024-10-12 16:01:22 [[31merror[39m]: [GET] api/mocks/mockingpets | specie is not defined
2024-10-12 16:01:25 [[31merror[39m]: [GET] api/mocks/mockingpets | specie is not defined
2024-10-12 16:02:00 [[31merror[39m]: [GET] api/mocks/mockingpets | specie is not defined
2024-10-12 16:02:02 [[31merror[39m]: [GET] api/mocks/mockingpets | specie is not defined
2024-10-12 16:02:44 [[31merror[39m]: [GET] api/mocks/mockingpets | specie is not defined
2024-10-12 16:03:03 [[31merror[39m]: [GET] api/mocks/mockingpets | specie is not defined
2024-10-12 16:03:05 [[31merror[39m]: [GET] api/mocks/mockingpets | specie is not defined
2024-10-12 16:03:36 [[31merror[39m]: [GET] api/mocks/mockingpets | specie is not defined
2024-10-12 16:03:38 [[31merror[39m]: [GET] api/mocks/mockingpets | specie is not defined
2024-10-12 16:03:51 [[31merror[39m]: [GET] api/mocks/mockingpets | specie is not defined
2024-10-12 16:03:52 [[31merror[39m]: [GET] api/mocks/mockingpets | specie is not defined
2024-10-12 16:03:53 [[31merror[39m]: [GET] api/mocks/mockingpets | specie is not defined
2024-10-12 16:11:10 [[31merror[39m]: [GET] api/mocks/mockingusers | Users validation failed: password: Path `password` is required., email: Path `email` is required., last_name: Path `last_name` is required., first_name: Path `first_name` is required.
2024-10-13 10:51:17 [error]: [GET] api/mocks/mockingusers | Users validation failed: password: Path `password` is required., email: Path `email` is required., last_name: Path `last_name` is required., first_name: Path `first_name` is required.
2024-10-21 11:40:12 [error]: [PUT] api/users/:uid (users.controller/updateUser)  | Cast to ObjectId failed for value "{pid}" (type string) at path "_id" for model "Users"
2024-10-21 11:40:42 [error]: undefined | Expected ',' or '}' after property value in JSON at position 12
2024-10-21 11:41:01 [error]: undefined | Expected ',' or '}' after property value in JSON at position 12
2024-10-21 11:45:46 [error]: [PUT] api/users/:uid (users.controller/updateUser)  | Cast to ObjectId failed for value "{pid}" (type string) at path "_id" for model "Users"
2024-10-21 11:53:42 [error]: [PUT] api/users/:uid (users.controller/updateUser)  | Cast to ObjectId failed for value "{pid}" (type string) at path "_id" for model "Users"
2024-10-21 12:09:13 [error]: [PUT] api/users/:uid (users.controller/updateUser)  | first_name is not defined
2024-10-21 12:09:33 [error]: [PUT] api/users/:uid (users.controller/updateUser)  | UserDTO.getPetInputFrom is not a function
2024-10-21 12:10:04 [error]: [PUT] api/users/:uid (users.controller/updateUser)  | Assignment to constant variable.
2024-10-21 12:13:14 [error]: [POST] api/users/ (users.controller/createUser) | UserDTO.getPetInputFrom is not a function
2024-10-21 12:14:31 [error]: [POST] api/users/ (users.controller/createUser) | user is not defined
2024-10-21 13:40:41 [error]: [POST] api/users/ (users.controller/createUser) | Users validation failed: password: Cast to string failed for value "Promise { <pending> }" (type Promise) at path "password"
2024-10-21 13:42:00 [error]: [POST] api/users/ (users.controller/createUser) | E11000 duplicate key error collection: entrega3.users index: email_1 dup key: { email: "mprueba@nearbpo.com" }
2024-10-21 14:10:13 [error]: [POST] api/users/ (users.controller/createUser) | E11000 duplicate key error collection: entrega3.users index: email_1 dup key: { email: "jconstantine@example.com" }
2024-10-21 14:29:47 [error]: [POST] api/users/:uid (users.controller/getUser) | User id 5f7e9f9b5f7e9f9b5f7e9f9b not found
2024-10-21 14:30:37 [error]: [POST] api/users/:uid (users.controller/getUser) | User id 5f7e9f9b5f7e9f9b5f7e9f9b not found
2024-10-21 14:40:02 [error]: [POST] api/adoptions/:uid/:pid (adoptions.controller/createAdoption) | usersService is not defined
2024-10-21 14:42:38 [error]: [POST] api/adoptions/:uid/:pid (adoptions.controller/createAdoption) | UserServices.getUserById is not a function
2024-10-21 14:43:38 [error]: [POST] api/adoptions/:uid/:pid (adoptions.controller/createAdoption) | UserServices.getById is not a function
2024-10-21 14:43:57 [error]: [POST] api/adoptions/:uid/:pid (adoptions.controller/createAdoption) | UserServices.getById is not a function
2024-10-21 14:44:40 [error]: [POST] api/adoptions/:uid/:pid (adoptions.controller/createAdoption) | UserServices.getById is not a function
2024-10-21 14:47:39 [error]: [POST] api/adoptions/:uid/:pid (adoptions.controller/createAdoption) | UserServices.getById is not a function
2024-10-21 14:49:07 [error]: [POST] api/adoptions/:uid/:pid (adoptions.controller/createAdoption) | usersService is not defined
2024-10-21 14:49:39 [error]: [POST] api/adoptions/:uid/:pid (adoptions.controller/createAdoption) | User id [object Object] not found
2024-10-21 14:52:01 [error]: [POST] api/adoptions/:uid/:pid (adoptions.controller/createAdoption) | usersService is not defined
2024-10-21 15:18:37 [error]: [GET] api/adoptions/:aid (adoptions.controller/getAdoption) | Parameter "filter" to findOne() must be an object, got "67169569068cbe728407bbe3" (type string)
2024-10-21 15:20:42 [error]: [POST] api/users/:uid (users.controller/getUser) | User id 670bd4ccaf7b363b12578ec6 not found
2024-10-21 15:21:22 [error]: [GET] api/adoptions/:aid (adoptions.controller/getAdoption) | Parameter "filter" to findOne() must be an object, got "67169569068cbe728407bbe3" (type string)
